<?xml version="1.0" encoding="UTF-8"?>
<testsuite xmlns:xsi="http://www.w3.org/2001/XMLSchema-instance" xsi:schemaLocation="https://maven.apache.org/surefire/maven-surefire-plugin/xsd/surefire-test-report.xsd" name="com.reto.runners.Search" time="9.289" tests="7" errors="0" skipped="3" failures="0">
  <properties>
[...]
</properties>
  <testcase name="BeforeStories" classname="java.lang.Object" time="0.041"/>
  <testcase name="[PENDING] Given I want to look for a flight, o to the flight tab" classname="[PENDING] Given I want to look for a flight, o to the flight tab" time="0">
    <skipped/>
    <system-out><![CDATA[
Running story stories/Search.story

(stories/Search.story)
Using timeout for story Search.story of 300 secs.
Scenario: Narrative:
search feature for users This feature is very important because it will allow users to filter products

Perform a flight search
]]></system-out>
    <system-err><![CDATA[[pool-1-thread-1] INFO net.serenitybdd.jbehave.embedders.monitors.ReportingEmbedderMonitor - 2003891312story running with path stories/Search.story
[pool-1-thread-1] INFO net.thucydides.core.webdriver.SystemPropertiesConfiguration - project.build.directory : null
[pool-1-thread-1] INFO net.thucydides.core.webdriver.SystemPropertiesConfiguration - project.reporting.OutputDirectory : null
[pool-1-thread-1] INFO net.thucydides.core.webdriver.SystemPropertiesConfiguration - OutputDirectory : D:\ProyectosEclipse\RetoAutoatizacionSophos\target\site\serenity
[pool-1-thread-1] INFO net.serenitybdd.core.Serenity - &amp#27;[96m

-------------------------------------------------------------------------------------
     _______. _______ .______       _______ .__   __.  __  .___________.____    ____ 
    /       ||   ____||   _  \     |   ____||  \ |  | |  | |           |\   \  /   / 
   |   (----`|  |__   |  |_)  |    |  |__   |   \|  | |  | `---|  |----` \   \/   /  
    \   \    |   __|  |      /     |   __|  |  . `  | |  |     |  |       \_    _/   
.----)   |   |  |____ |  |\  \----.|  |____ |  |\   | |  |     |  |         |  |     
|_______/    |_______|| _| `._____||_______||__| \__| |__|     |__|         |__|    
-------------------------------------------------------------------------------------
&amp#27;[0m
[pool-1-thread-1] INFO net.serenitybdd.core.Serenity - Test Suite Started: Search
[pool-1-thread-1] INFO net.serenitybdd.core.Serenity - 
 _____ _____ ____ _____   ____ _____  _    ____ _____ _____ ____  
|_   _| ____/ ___|_   _| / ___|_   _|/ \  |  _ \_   _| ____|  _ \ 
  | | |  _| \___ \ | |   \___ \ | | / _ \ | |_) || | |  _| | | | |
  | | | |___ ___) || |    ___) || |/ ___ \|  _ < | | | |___| |_| |
  |_| |_____|____/ |_|   |____/ |_/_/   \_\_| \_\|_| |_____|____/ 
                                                                  

TEST STARTED: Narrative:
search feature for users This feature is very important because it will allow users to filter products

Perform a flight search
-------------------------------------------------------------------
]]></system-err>
  </testcase>
  <testcase name="[PENDING] When ind my destiny" classname="[PENDING] When ind my destiny" time="0">
    <skipped/>
    <system-out><![CDATA[Given I want to look for a flight, o to the flight tab (PENDING)
]]></system-out>
    <system-err><![CDATA[[pool-1-thread-1] INFO net.serenitybdd.core.Serenity - &amp#27;[96mTEST PENDING&amp#27;[0m
]]></system-err>
  </testcase>
  <testcase name="[PENDING] Then the system should display the information attached to the selected and" classname="[PENDING] Then the system should display the information attached to the selected and" time="0">
    <skipped/>
    <system-out><![CDATA[When ind my destiny (PENDING)
]]></system-out>
    <system-err><![CDATA[[pool-1-thread-1] INFO net.serenitybdd.core.Serenity - &amp#27;[96mTEST PENDING&amp#27;[0m
]]></system-err>
  </testcase>
  <testcase name="Scenario: Narrative:, search feature for users This feature is very important because it will allow users to filter products, Perform a flight search" classname="Scenario: Narrative:, search feature for users This feature is very important because it will allow users to filter products, Perform a flight search" time="0.322"/>
  <testcase name="Search.story" classname="Search.story" time="0.563"/>
  <testcase name="AfterStories" classname="java.lang.Object" time="0.008"/>
</testsuite>